\BOOKMARK [1][-]{section.1}{Introduction}{}% 1
\BOOKMARK [2][-]{subsection.1.1}{Applications}{section.1}% 2
\BOOKMARK [2][-]{subsection.1.2}{Traditional approaches to shortest path problem}{section.1}% 3
\BOOKMARK [3][-]{subsubsection.1.2.1}{Dijkstra's algorithm}{subsection.1.2}% 4
\BOOKMARK [3][-]{subsubsection.1.2.2}{Bellman-Ford algorithm}{subsection.1.2}% 5
\BOOKMARK [3][-]{subsubsection.1.2.3}{A* search algorithm}{subsection.1.2}% 6
\BOOKMARK [3][-]{subsubsection.1.2.4}{Floyd-Warshall algorithm}{subsection.1.2}% 7
\BOOKMARK [2][-]{subsection.1.3}{Problem with traditional approaches}{section.1}% 8
\BOOKMARK [2][-]{subsection.1.4}{Shortest paths via distance oracles}{section.1}% 9
\BOOKMARK [2][-]{subsection.1.5}{Organization of this paper}{section.1}% 10
\BOOKMARK [1][-]{section.2}{Preliminaries}{}% 11
\BOOKMARK [2][-]{subsection.2.1}{Common definitions}{section.2}% 12
\BOOKMARK [2][-]{subsection.2.2}{Classes of graphs}{section.2}% 13
\BOOKMARK [2][-]{subsection.2.3}{Graph properties}{section.2}% 14
\BOOKMARK [3][-]{subsubsection.2.3.1}{Highway dimension}{subsection.2.3}% 15
\BOOKMARK [2][-]{subsection.2.4}{Timetable graphs}{section.2}% 16
\BOOKMARK [1][-]{section.3}{Related work}{}% 17
\BOOKMARK [1][-]{section.4}{Properties propagation upon time-expansion}{}% 18
\BOOKMARK [1][-]{section.5}{Proposed distance oracles for timetable graphs}{}% 19
\BOOKMARK [1][-]{section.6}{Implementation and results}{}% 20
\BOOKMARK [1][-]{section.7}{Conclusion}{}% 21
