\BOOKMARK [1][-]{section.1}{Introduction}{}% 1
\BOOKMARK [2][-]{subsection.1.1}{Motivation}{section.1}% 2
\BOOKMARK [2][-]{subsection.1.2}{Approach}{section.1}% 3
\BOOKMARK [2][-]{subsection.1.3}{Goals}{section.1}% 4
\BOOKMARK [2][-]{subsection.1.4}{Theory and practice}{section.1}% 5
\BOOKMARK [2][-]{subsection.1.5}{Organization \046 conventions}{section.1}% 6
\BOOKMARK [1][-]{section.2}{Preliminaries}{}% 7
\BOOKMARK [2][-]{subsection.2.1}{Objects}{section.2}% 8
\BOOKMARK [2][-]{subsection.2.2}{Earliest arrival and optimal connection}{section.2}% 9
\BOOKMARK [2][-]{subsection.2.3}{\(Distance\) Oracles}{section.2}% 10
\BOOKMARK [2][-]{subsection.2.4}{Dijkstra's algorithm}{section.2}% 11
\BOOKMARK [1][-]{section.3}{Related work}{}% 12
\BOOKMARK [2][-]{subsection.3.1}{Distance oracles and route-planning}{section.3}% 13
\BOOKMARK [2][-]{subsection.3.2}{Time-dependent scenario}{section.3}% 14
\BOOKMARK [1][-]{section.4}{Data \046 analysis}{}% 15
\BOOKMARK [2][-]{subsection.4.1}{Data}{section.4}% 16
\BOOKMARK [2][-]{subsection.4.2}{Analysis of properties}{section.4}% 17
\BOOKMARK [1][-]{section.5}{Underlying shortest paths}{}% 18
\BOOKMARK [2][-]{subsection.5.1}{USP-OR}{section.5}% 19
\BOOKMARK [3][-]{subsubsection.5.1.1}{Analysis of USP-OR}{subsection.5.1}% 20
\BOOKMARK [2][-]{subsection.5.2}{USP-OR-A}{section.5}% 21
\BOOKMARK [3][-]{subsubsection.5.2.1}{Analysis of USP-OR-A}{subsection.5.2}% 22
\BOOKMARK [3][-]{subsubsection.5.2.2}{Correctness of USP-OR-A}{subsection.5.2}% 23
\BOOKMARK [3][-]{subsubsection.5.2.3}{Modifications of USP-OR-A}{subsection.5.2}% 24
\BOOKMARK [2][-]{subsection.5.3}{Selection of access node set}{section.5}% 25
\BOOKMARK [3][-]{subsubsection.5.3.1}{Choosing the optimal access node set}{subsection.5.3}% 26
\BOOKMARK [3][-]{subsubsection.5.3.2}{Choosing ANs based on node properties}{subsection.5.3}% 27
\BOOKMARK [3][-]{subsubsection.5.3.3}{Choosing ANs heuristically - the locsep algorithm}{subsection.5.3}% 28
\BOOKMARK [2][-]{subsection.5.4}{Performance and comparisons}{section.5}% 29
\BOOKMARK [3][-]{subsubsection.5.4.1}{Performance of USP-OR}{subsection.5.4}% 30
\BOOKMARK [3][-]{subsubsection.5.4.2}{USP-OR-A}{subsection.5.4}% 31
\BOOKMARK [1][-]{section.6}{Neural network approach}{}% 32
\BOOKMARK [2][-]{subsection.6.1}{Results}{section.6}% 33
\BOOKMARK [2][-]{subsection.6.2}{Conclusion of the experiment}{section.6}% 34
\BOOKMARK [1][-]{section.7}{Application TTBlazer}{}% 35
\BOOKMARK [1][-]{section.8}{Conclusion}{}% 36
\BOOKMARK [1][-]{Appendix.a.A}{Appendix File formats}{}% 37
