\BOOKMARK [1][-]{section.1}{Introduction}{}% 1
\BOOKMARK [2][-]{subsection.1.1}{Motivation}{section.1}% 2
\BOOKMARK [2][-]{subsection.1.2}{Approach}{section.1}% 3
\BOOKMARK [2][-]{subsection.1.3}{Goals}{section.1}% 4
\BOOKMARK [2][-]{subsection.1.4}{Organization \046 conventions}{section.1}% 5
\BOOKMARK [1][-]{section.2}{Preliminaries}{}% 6
\BOOKMARK [2][-]{subsection.2.1}{Objects}{section.2}% 7
\BOOKMARK [2][-]{subsection.2.2}{Earliest arrival and optimal connection}{section.2}% 8
\BOOKMARK [2][-]{subsection.2.3}{\(Distance\) Oracles}{section.2}% 9
\BOOKMARK [2][-]{subsection.2.4}{Dijkstra's algorithm}{section.2}% 10
\BOOKMARK [1][-]{section.3}{Related work}{}% 11
\BOOKMARK [2][-]{subsection.3.1}{Distance oracles and route-planning}{section.3}% 12
\BOOKMARK [1][-]{section.4}{Data \046 analysis}{}% 13
\BOOKMARK [2][-]{subsection.4.1}{Data}{section.4}% 14
\BOOKMARK [2][-]{subsection.4.2}{Analysis of properties}{section.4}% 15
\BOOKMARK [1][-]{section.5}{Underlying shortest paths}{}% 16
\BOOKMARK [2][-]{subsection.5.1}{USP-OR}{section.5}% 17
\BOOKMARK [3][-]{subsubsection.5.1.1}{Analysis of USP-OR}{subsection.5.1}% 18
\BOOKMARK [2][-]{subsection.5.2}{USP-OR-A}{section.5}% 19
\BOOKMARK [3][-]{subsubsection.5.2.1}{Analysis of USP-OR-A}{subsection.5.2}% 20
\BOOKMARK [3][-]{subsubsection.5.2.2}{Correctness of USP-OR-A}{subsection.5.2}% 21
\BOOKMARK [3][-]{subsubsection.5.2.3}{Modifications of USP-OR-A}{subsection.5.2}% 22
\BOOKMARK [2][-]{subsection.5.3}{Selection of access node set}{section.5}% 23
\BOOKMARK [3][-]{subsubsection.5.3.1}{Choosing the optimal access node set}{subsection.5.3}% 24
\BOOKMARK [3][-]{subsubsection.5.3.2}{Choosing ANs based on node properties}{subsection.5.3}% 25
\BOOKMARK [3][-]{subsubsection.5.3.3}{Choosing ANs heuristically - the Locsep algorithm}{subsection.5.3}% 26
\BOOKMARK [2][-]{subsection.5.4}{Performance and comparisons}{section.5}% 27
\BOOKMARK [3][-]{subsubsection.5.4.1}{Performance of USP-OR}{subsection.5.4}% 28
\BOOKMARK [3][-]{subsubsection.5.4.2}{USP-OR-A with Locsep}{subsection.5.4}% 29
\BOOKMARK [3][-]{subsubsection.5.4.3}{USP-OR-A with Locsep Max}{subsection.5.4}% 30
\BOOKMARK [1][-]{section.6}{Neural network approach}{}% 31
\BOOKMARK [1][-]{section.7}{Application TTBlazer}{}% 32
\BOOKMARK [1][-]{section.8}{Conclusion}{}% 33
\BOOKMARK [1][-]{Appendix.a.A}{Appendix File formats}{}% 34
